#
# A fatal error has been detected by the Java Runtime Environment:
#
#  SIGBUS (0x7) at pc=0xb6932773, pid=21722, tid=2395253616
#
# JRE version: 7.0_03-b04
# Java VM: Java HotSpot(TM) Server VM (22.1-b02 mixed mode linux-x86 )
# Problematic frame:
# C  [libzip.so+0x4773]  newEntry+0x73
#
# Failed to write core dump. Core dumps have been disabled. To enable core dumping, try "ulimit -c unlimited" before starting Java again
#
# If you would like to submit a bug report, please visit:
#   http://bugreport.sun.com/bugreport/crash.jsp
# The crash happened outside the Java Virtual Machine in native code.
# See problematic frame for where to report the bug.
#

---------------  T H R E A D  ---------------

Current thread (0x08edb000):  JavaThread "CommandShell/Parser thread" [_thread_in_native, id=21757, stack(0x8ebfb000,0x8ec4b000)]

siginfo:si_signo=SIGBUS: si_errno=0, si_code=2 (BUS_ADRERR), si_addr=0xb698f783

Registers:
EAX=0x08f30938, EBX=0xb69451f0, ECX=0xb698f766, EDX=0xb698f766
ESP=0x8ec48e80, EBP=0x8ec48f18, ESI=0x08f30938, EDI=0xb698a000
EIP=0xb6932773, EFLAGS=0x00010286, CR2=0xb698f783

Top of Stack: (sp=0x8ec48e80)
0x8ec48e80:   00000034 00000000 00000000 00000000
0x8ec48e90:   90563324 00000000 00000000 b6c6028a
0x8ec48ea0:   00000000 00000000 00000000 905630dc
0x8ec48eb0:   00001ad8 00000000 00000000 b6fae59e
0x8ec48ec0:   901ef01c 00000000 00000000 08f30938
0x8ec48ed0:   08dd3528 00000000 90562c24 b71df4a4
0x8ec48ee0:   8ec48fa1 00000027 08f30938 b698f766
0x8ec48ef0:   08dd35f0 a9462034 00000027 b6e5ed3c 

Instructions: (pc=0xb6932773)
0xb6932753:   00 0f 84 2e 03 00 00 8b 76 04 8b 4a 1c 8b 7a 10
0xb6932763:   29 ce 01 fe 89 75 d4 8b 55 d4 8b 4d d4 8b 75 b4
0xb6932773:   0f b6 52 1d 0f b6 41 1c c1 e2 08 09 c2 89 55 c8
0xb6932783:   0f b6 41 1e 88 45 bc 0f b6 51 1f 8b 45 d4 88 55 

Register to memory mapping:

EAX=0x08f30938 is an unknown value
EBX=0xb69451f0: <offset 0x171f0> in /opt/jdk1.7.0_03/jre/lib/i386/libzip.so at 0xb692e000
ECX=0xb698f766 is an unknown value
EDX=0xb698f766 is an unknown value
ESP=0x8ec48e80 is pointing into the stack for thread: 0x08edb000
EBP=0x8ec48f18 is pointing into the stack for thread: 0x08edb000
ESI=0x08f30938 is an unknown value
EDI=0xb698a000 is an unknown value


Stack: [0x8ebfb000,0x8ec4b000],  sp=0x8ec48e80,  free space=311k
Native frames: (J=compiled Java code, j=interpreted, Vv=VM code, C=native code)
C  [libzip.so+0x4773]  newEntry+0x73
C  [libzip.so+0x4f88]  ZIP_GetEntry+0xc8
C  [libzip.so+0x3981]  Java_java_util_zip_ZipFile_getEntry+0xc1
j  java.util.zip.ZipFile.getEntry(J[BZ)J+0
j  java.util.zip.ZipFile.getEntry(Ljava/lang/String;)Ljava/util/zip/ZipEntry;+38
j  java.util.jar.JarFile.getEntry(Ljava/lang/String;)Ljava/util/zip/ZipEntry;+2
j  java.util.jar.JarFile.getJarEntry(Ljava/lang/String;)Ljava/util/jar/JarEntry;+2
j  sun.misc.URLClassPath$JarLoader.getResource(Ljava/lang/String;Z)Lsun/misc/Resource;+48
j  sun.misc.URLClassPath.getResource(Ljava/lang/String;Z)Lsun/misc/Resource;+53
j  java.net.URLClassLoader$1.run()Ljava/lang/Class;+26
j  java.net.URLClassLoader$1.run()Ljava/lang/Object;+1
v  ~StubRoutines::call_stub
V  [libjvm.so+0x3e8bd5]  JavaCalls::call_helper(JavaValue*, methodHandle*, JavaCallArguments*, Thread*)+0x315
V  [libjvm.so+0x5a1bc9]  os::os_exception_wrapper(void (*)(JavaValue*, methodHandle*, JavaCallArguments*, Thread*), JavaValue*, methodHandle*, JavaCallArguments*, Thread*)+0x19
V  [libjvm.so+0x3e79ef]  JavaCalls::call(JavaValue*, methodHandle, JavaCallArguments*, Thread*)+0x2f
V  [libjvm.so+0x4330a4]  JVM_DoPrivileged+0x274
C  [libjava.so+0x99ca]  Java_java_security_AccessController_doPrivileged__Ljava_security_PrivilegedExceptionAction_2Ljava_security_AccessControlContext_2+0x3a
j  java.security.AccessController.doPrivileged(Ljava/security/PrivilegedExceptionAction;Ljava/security/AccessControlContext;)Ljava/lang/Object;+0
j  java.net.URLClassLoader.findClass(Ljava/lang/String;)Ljava/lang/Class;+13
j  java.lang.ClassLoader.loadClass(Ljava/lang/String;Z)Ljava/lang/Class;+70
j  sun.misc.Launcher$AppClassLoader.loadClass(Ljava/lang/String;Z)Ljava/lang/Class;+36
j  java.lang.ClassLoader.loadClass(Ljava/lang/String;)Ljava/lang/Class;+3
v  ~StubRoutines::call_stub
V  [libjvm.so+0x3e8bd5]  JavaCalls::call_helper(JavaValue*, methodHandle*, JavaCallArguments*, Thread*)+0x315
V  [libjvm.so+0x5a1bc9]  os::os_exception_wrapper(void (*)(JavaValue*, methodHandle*, JavaCallArguments*, Thread*), JavaValue*, methodHandle*, JavaCallArguments*, Thread*)+0x19
V  [libjvm.so+0x3e79ef]  JavaCalls::call(JavaValue*, methodHandle, JavaCallArguments*, Thread*)+0x2f
V  [libjvm.so+0x3e8ffa]  JavaCalls::call_virtual(JavaValue*, Handle, KlassHandle, Symbol*, Symbol*, Handle, Thread*)+0x12a
V  [libjvm.so+0x678241]  SystemDictionary::load_instance_class(Symbol*, Handle, Thread*)+0x471
V  [libjvm.so+0x678936]  SystemDictionary::resolve_instance_class_or_null(Symbol*, Handle, Handle, Thread*)+0x6d6
V  [libjvm.so+0x678ed0]  SystemDictionary::resolve_or_fail(Symbol*, Handle, Handle, bool, Thread*)+0x30
V  [libjvm.so+0x2cc4eb]  constantPoolOopDesc::klass_at_impl(constantPoolHandle, int, Thread*)+0x1cb
V  [libjvm.so+0x3e0797]  InterpreterRuntime::_new(JavaThread*, constantPoolOopDesc*, int)+0x67
j  shell.apps.CommandShell.History.save()V+26
j  shell.apps.CommandShell.HistoryManager.saveAllHistory()V+45
j  shell.apps.CommandShell.CommandShell.run()I+239
j  shell.TelnetSession.run(Ltelnetd/net/Connection;)V+330
j  telnetd.net.Connection.run()V+18
v  ~StubRoutines::call_stub
V  [libjvm.so+0x3e8bd5]  JavaCalls::call_helper(JavaValue*, methodHandle*, JavaCallArguments*, Thread*)+0x315
V  [libjvm.so+0x5a1bc9]  os::os_exception_wrapper(void (*)(JavaValue*, methodHandle*, JavaCallArguments*, Thread*), JavaValue*, methodHandle*, JavaCallArguments*, Thread*)+0x19
V  [libjvm.so+0x3e79ef]  JavaCalls::call(JavaValue*, methodHandle, JavaCallArguments*, Thread*)+0x2f
V  [libjvm.so+0x3e8d82]  JavaCalls::call_virtual(JavaValue*, Handle, KlassHandle, Symbol*, Symbol*, Thread*)+0x122
V  [libjvm.so+0x42c8a9]  thread_entry(JavaThread*, Thread*)+0xd9
V  [libjvm.so+0x6a6268]  JavaThread::run()+0x178
V  [libjvm.so+0x5a8781]  java_start(Thread*)+0x111
C  [libpthread.so.0+0x5954]  start_thread+0xb4

Java frames: (J=compiled Java code, j=interpreted, Vv=VM code)
j  java.util.zip.ZipFile.getEntry(J[BZ)J+0
j  java.util.zip.ZipFile.getEntry(Ljava/lang/String;)Ljava/util/zip/ZipEntry;+38
j  java.util.jar.JarFile.getEntry(Ljava/lang/String;)Ljava/util/zip/ZipEntry;+2
j  java.util.jar.JarFile.getJarEntry(Ljava/lang/String;)Ljava/util/jar/JarEntry;+2
j  sun.misc.URLClassPath$JarLoader.getResource(Ljava/lang/String;Z)Lsun/misc/Resource;+48
j  sun.misc.URLClassPath.getResource(Ljava/lang/String;Z)Lsun/misc/Resource;+53
j  java.net.URLClassLoader$1.run()Ljava/lang/Class;+26
j  java.net.URLClassLoader$1.run()Ljava/lang/Object;+1
v  ~StubRoutines::call_stub
j  java.security.AccessController.doPrivileged(Ljava/security/PrivilegedExceptionAction;Ljava/security/AccessControlContext;)Ljava/lang/Object;+0
j  java.net.URLClassLoader.findClass(Ljava/lang/String;)Ljava/lang/Class;+13
j  java.lang.ClassLoader.loadClass(Ljava/lang/String;Z)Ljava/lang/Class;+70
j  sun.misc.Launcher$AppClassLoader.loadClass(Ljava/lang/String;Z)Ljava/lang/Class;+36
j  java.lang.ClassLoader.loadClass(Ljava/lang/String;)Ljava/lang/Class;+3
v  ~StubRoutines::call_stub
j  shell.apps.CommandShell.History.save()V+26
j  shell.apps.CommandShell.HistoryManager.saveAllHistory()V+45
j  shell.apps.CommandShell.CommandShell.run()I+239
j  shell.TelnetSession.run(Ltelnetd/net/Connection;)V+330
j  telnetd.net.Connection.run()V+18
v  ~StubRoutines::call_stub

---------------  P R O C E S S  ---------------

Java Threads: ( => current thread )
=>0x08edb000 JavaThread "CommandShell/Parser thread" [_thread_in_native, id=21757, stack(0x8ebfb000,0x8ec4b000)]
  0x8f2ef400 JavaThread "DestroyJavaVM" [_thread_blocked, id=21723, stack(0xb69c0000,0xb6a10000)]
  0x8f2ed800 JavaThread "EventServer" [_thread_in_native, id=21755, stack(0x8ec60000,0x8ecb0000)]
  0x8f2ec400 JavaThread "EventsListener" [_thread_blocked, id=21754, stack(0x8ecb0000,0x8ed00000)]
  0x8f2ea400 JavaThread "PacketTranslator" [_thread_blocked, id=21753, stack(0x8ed00000,0x8ed50000)]
  0x8f2e7800 JavaThread "Thread-6" [_thread_in_native, id=21752, stack(0x8ed50000,0x8eda0000)]
  0x8f2e6000 JavaThread "Thread-5" [_thread_in_native, id=21751, stack(0x8eda0000,0x8edf0000)]
  0x8f2e4800 JavaThread "Thread-4" [_thread_in_native, id=21750, stack(0x8edf0000,0x8ee40000)]
  0x8f2e3000 JavaThread "Thread-3" [_thread_blocked, id=21749, stack(0x8ee40000,0x8ee90000)]
  0x8f2e0c00 JavaThread "Thread-2" [_thread_blocked, id=21748, stack(0x8ee90000,0x8eee0000)]
  0x8f2df400 JavaThread "Thread-1" [_thread_blocked, id=21747, stack(0x8eee0000,0x8ef30000)]
  0x8f2d7400 JavaThread "router2  IPLayer" [_thread_blocked, id=21746, stack(0x8ef30000,0x8ef80000)]
  0x8f2d6400 JavaThread "router2  EthLayer" [_thread_blocked, id=21745, stack(0x8ef80000,0x8efd0000)]
  0x8f2d5400 JavaThread "SimulatorSwitchportV2 number: 1, configID: 9" [_thread_blocked, id=21744, stack(0x8efd0000,0x8f020000)]
  0x8f2d4400 JavaThread "SimulatorSwitchportV2 number: 0, configID: 8" [_thread_blocked, id=21743, stack(0x8f020000,0x8f070000)]
  0x8f2d3000 JavaThread "router1  IPLayer" [_thread_blocked, id=21742, stack(0x8f070000,0x8f0c0000)]
  0x8f2d1400 JavaThread "router1  EthLayer" [_thread_blocked, id=21741, stack(0x8f0c0000,0x8f110000)]
  0x8f2cfc00 JavaThread "SimulatorSwitchportV2 number: 1, configID: 6" [_thread_blocked, id=21740, stack(0x8f110000,0x8f160000)]
  0x8f2cec00 JavaThread "SimulatorSwitchportV2 number: 0, configID: 5" [_thread_blocked, id=21739, stack(0x8f160000,0x8f1b0000)]
  0x8f2c8400 JavaThread "router0  IPLayer" [_thread_blocked, id=21738, stack(0x8f1b0000,0x8f200000)]
  0x8f2bf800 JavaThread "router0  EthLayer" [_thread_blocked, id=21737, stack(0x8f310000,0x8f360000)]
  0x8f2bd800 JavaThread "SimulatorSwitchportV2 number: 1, configID: 3" [_thread_blocked, id=21736, stack(0x8f360000,0x8f3b0000)]
  0x8f2bc400 JavaThread "SimulatorSwitchportV2 number: 0, configID: 2" [_thread_blocked, id=21735, stack(0x8f3b0000,0x8f400000)]
  0x08e38c00 JavaThread "System alarm" [_thread_blocked, id=21734, stack(0x8f546000,0x8f596000)]
  0x08dc1800 JavaThread "Service Thread" daemon [_thread_blocked, id=21732, stack(0x8f63a000,0x8f68a000)]
  0x08db7000 JavaThread "C2 CompilerThread1" daemon [_thread_blocked, id=21731, stack(0x8f68a000,0x8f70a000)]
  0x08db5000 JavaThread "C2 CompilerThread0" daemon [_thread_blocked, id=21730, stack(0x8f70a000,0x8f78a000)]
  0x08db3400 JavaThread "Signal Dispatcher" daemon [_thread_blocked, id=21729, stack(0x8f78a000,0x8f7da000)]
  0x08d76000 JavaThread "Finalizer" daemon [_thread_blocked, id=21728, stack(0x8f84f000,0x8f89f000)]
  0x08d74400 JavaThread "Reference Handler" daemon [_thread_blocked, id=21727, stack(0x8f89f000,0x8f8ef000)]

Other Threads:
  0x08d6ec00 VMThread [stack: 0x8f8ef000,0x8f96f000] [id=21726]
  0x08dc3400 WatcherThread [stack: 0x8f5ba000,0x8f63a000] [id=21733]

VM state:not at safepoint (normal execution)

VM Mutex/Monitor currently owned by a thread: None

Heap
 PSYoungGen      total 9408K, used 6506K [0xa8fc0000, 0xaa220000, 0xb3860000)
  eden space 8064K, 64% used [0xa8fc0000,0xa94cc9d0,0xa97a0000)
  from space 1344K, 99% used [0xa97a0000,0xa98ee070,0xa98f0000)
  to   space 1344K, 0% used [0xaa0d0000,0xaa0d0000,0xaa220000)
 PSOldGen        total 21632K, used 5872K [0x93e60000, 0x95380000, 0xa8fc0000)
  object space 21632K, 27% used [0x93e60000,0x9441c1d8,0x95380000)
 PSPermGen       total 16384K, used 7188K [0x8fe60000, 0x90e60000, 0x93e60000)
  object space 16384K, 43% used [0x8fe60000,0x905650a0,0x90e60000)

Code Cache  [0xb392e000, 0xb3b6e000, 0xb692e000)
 total_blobs=205 nmethods=76 adapters=82 free_code_cache=48727Kb largest_free_block=49879744

Dynamic libraries:
08048000-08049000 r-xp 00000000 08:02 334560     /opt/jdk1.7.0_03/bin/java
08049000-0804a000 rw-p 00000000 08:02 334560     /opt/jdk1.7.0_03/bin/java
08cc4000-09075000 rw-p 00000000 00:00 0          [heap]
8eb5b000-8eb5e000 ---p 00000000 00:00 0 
8eb5e000-8ebab000 rw-p 00000000 00:00 0 
8ebab000-8ebae000 ---p 00000000 00:00 0 
8ebae000-8ebfb000 rw-p 00000000 00:00 0 
8ebfb000-8ebfe000 ---p 00000000 00:00 0 
8ebfe000-8ec4b000 rw-p 00000000 00:00 0 
8ec4b000-8ec5c000 r-xp 00000000 08:02 516493     /lib/i386-linux-gnu/libresolv-2.13.so
8ec5c000-8ec5d000 r--p 00010000 08:02 516493     /lib/i386-linux-gnu/libresolv-2.13.so
8ec5d000-8ec5e000 rw-p 00011000 08:02 516493     /lib/i386-linux-gnu/libresolv-2.13.so
8ec5e000-8ec60000 rw-p 00000000 00:00 0 
8ec60000-8ec63000 ---p 00000000 00:00 0 
8ec63000-8ecb0000 rw-p 00000000 00:00 0 
8ecb0000-8ecb3000 ---p 00000000 00:00 0 
8ecb3000-8ed00000 rw-p 00000000 00:00 0 
8ed00000-8ed03000 ---p 00000000 00:00 0 
8ed03000-8ed50000 rw-p 00000000 00:00 0 
8ed50000-8ed53000 ---p 00000000 00:00 0 
8ed53000-8eda0000 rw-p 00000000 00:00 0 
8eda0000-8eda3000 ---p 00000000 00:00 0 
8eda3000-8edf0000 rw-p 00000000 00:00 0 
8edf0000-8edf3000 ---p 00000000 00:00 0 
8edf3000-8ee40000 rw-p 00000000 00:00 0 
8ee40000-8ee43000 ---p 00000000 00:00 0 
8ee43000-8ee90000 rw-p 00000000 00:00 0 
8ee90000-8ee93000 ---p 00000000 00:00 0 
8ee93000-8eee0000 rw-p 00000000 00:00 0 
8eee0000-8eee3000 ---p 00000000 00:00 0 
8eee3000-8ef30000 rw-p 00000000 00:00 0 
8ef30000-8ef33000 ---p 00000000 00:00 0 
8ef33000-8ef80000 rw-p 00000000 00:00 0 
8ef80000-8ef83000 ---p 00000000 00:00 0 
8ef83000-8efd0000 rw-p 00000000 00:00 0 
8efd0000-8efd3000 ---p 00000000 00:00 0 
8efd3000-8f020000 rw-p 00000000 00:00 0 
8f020000-8f023000 ---p 00000000 00:00 0 
8f023000-8f070000 rw-p 00000000 00:00 0 
8f070000-8f073000 ---p 00000000 00:00 0 
8f073000-8f0c0000 rw-p 00000000 00:00 0 
8f0c0000-8f0c3000 ---p 00000000 00:00 0 
8f0c3000-8f110000 rw-p 00000000 00:00 0 
8f110000-8f113000 ---p 00000000 00:00 0 
8f113000-8f160000 rw-p 00000000 00:00 0 
8f160000-8f163000 ---p 00000000 00:00 0 
8f163000-8f1b0000 rw-p 00000000 00:00 0 
8f1b0000-8f1b3000 ---p 00000000 00:00 0 
8f1b3000-8f200000 rw-p 00000000 00:00 0 
8f200000-8f2f0000 rw-p 00000000 00:00 0 
8f2f0000-8f300000 ---p 00000000 00:00 0 
8f310000-8f313000 ---p 00000000 00:00 0 
8f313000-8f360000 rw-p 00000000 00:00 0 
8f360000-8f363000 ---p 00000000 00:00 0 
8f363000-8f3b0000 rw-p 00000000 00:00 0 
8f3b0000-8f3b3000 ---p 00000000 00:00 0 
8f3b3000-8f400000 rw-p 00000000 00:00 0 
8f400000-8f500000 rw-p 00000000 00:00 0 
8f507000-8f509000 r-xp 00000000 08:02 271415     /lib/libnss_mdns4.so.2
8f509000-8f50a000 rw-p 00001000 08:02 271415     /lib/libnss_mdns4.so.2
8f50a000-8f50e000 r-xp 00000000 08:02 516504     /lib/i386-linux-gnu/libnss_dns-2.13.so
8f50e000-8f50f000 r--p 00004000 08:02 516504     /lib/i386-linux-gnu/libnss_dns-2.13.so
8f50f000-8f510000 rw-p 00005000 08:02 516504     /lib/i386-linux-gnu/libnss_dns-2.13.so
8f510000-8f512000 r-xp 00000000 08:02 271426     /lib/libnss_mdns4_minimal.so.2
8f512000-8f513000 rw-p 00001000 08:02 271426     /lib/libnss_mdns4_minimal.so.2
8f52a000-8f533000 r--s 00254000 08:02 334716     /opt/jdk1.7.0_03/jre/lib/resources.jar
8f533000-8f535000 r--s 00004000 08:06 234932     /media/DATA/_diplomka/svn/trunk/psimulator2/dist/lib/truezip-swing-7.5.jar (deleted)
8f535000-8f537000 r--s 00009000 08:06 234931     /media/DATA/_diplomka/svn/trunk/psimulator2/dist/lib/truezip-path-7.5.jar (deleted)
8f537000-8f544000 r--s 0006c000 08:06 234930     /media/DATA/_diplomka/svn/trunk/psimulator2/dist/lib/truezip-kernel-7.5.jar (deleted)
8f544000-8f546000 r--s 0000e000 08:06 234929     /media/DATA/_diplomka/svn/trunk/psimulator2/dist/lib/truezip-file-7.5.jar (deleted)
8f546000-8f549000 ---p 00000000 00:00 0 
8f549000-8f596000 rw-p 00000000 00:00 0 
8f596000-8f5aa000 r-xp 00000000 08:02 334863     /opt/jdk1.7.0_03/jre/lib/i386/libnet.so
8f5aa000-8f5ab000 rw-p 00014000 08:02 334863     /opt/jdk1.7.0_03/jre/lib/i386/libnet.so
8f5ab000-8f5b9000 r-xp 00000000 08:02 334869     /opt/jdk1.7.0_03/jre/lib/i386/libnio.so
8f5b9000-8f5ba000 rw-p 0000e000 08:02 334869     /opt/jdk1.7.0_03/jre/lib/i386/libnio.so
8f5ba000-8f5bb000 ---p 00000000 00:00 0 
8f5bb000-8f63a000 rw-p 00000000 00:00 0 
8f63a000-8f63d000 ---p 00000000 00:00 0 
8f63d000-8f68a000 rw-p 00000000 00:00 0 
8f68a000-8f68d000 ---p 00000000 00:00 0 
8f68d000-8f70a000 rw-p 00000000 00:00 0 
8f70a000-8f70d000 ---p 00000000 00:00 0 
8f70d000-8f78a000 rw-p 00000000 00:00 0 
8f78a000-8f78d000 ---p 00000000 00:00 0 
8f78d000-8f7da000 rw-p 00000000 00:00 0 
8f7da000-8f84f000 r--p 00000000 08:02 483237     /usr/lib/locale/locale-archive
8f84f000-8f852000 ---p 00000000 00:00 0 
8f852000-8f89f000 rw-p 00000000 00:00 0 
8f89f000-8f8a2000 ---p 00000000 00:00 0 
8f8a2000-8f8ef000 rw-p 00000000 00:00 0 
8f8ef000-8f8f0000 ---p 00000000 00:00 0 
8f8f0000-8f9ba000 rw-p 00000000 00:00 0 
8f9ba000-8fb79000 r--s 03a09000 08:02 334715     /opt/jdk1.7.0_03/jre/lib/rt.jar
8fb79000-8fb7a000 ---p 00000000 00:00 0 
8fb7a000-8fbf9000 rw-p 00000000 00:00 0 
8fbf9000-8fbfa000 ---p 00000000 00:00 0 
8fbfa000-8fc81000 rw-p 00000000 00:00 0 
8fc81000-8fc99000 rw-p 00000000 00:00 0 
8fc99000-8fca4000 rw-p 00000000 00:00 0 
8fca4000-8fd42000 rw-p 00000000 00:00 0 
8fd42000-8fd4a000 rw-p 00000000 00:00 0 
8fd4a000-8fd62000 rw-p 00000000 00:00 0 
8fd62000-8fd6d000 rw-p 00000000 00:00 0 
8fd6d000-8fe0a000 rw-p 00000000 00:00 0 
8fe0a000-8fe14000 rw-p 00000000 00:00 0 
8fe14000-8fe5f000 rw-p 00000000 00:00 0 
8fe5f000-90e60000 rw-p 00000000 00:00 0 
90e60000-93e60000 rw-p 00000000 00:00 0 
93e60000-95380000 rw-p 00000000 00:00 0 
95380000-a8fc0000 rw-p 00000000 00:00 0 
a8fc0000-aa220000 rw-p 00000000 00:00 0 
aa220000-b3860000 rw-p 00000000 00:00 0 
b3860000-b3867000 r--s 00036000 08:06 234928     /media/DATA/_diplomka/svn/trunk/psimulator2/dist/lib/truezip-driver-zip-7.5.jar (deleted)
b3867000-b3869000 r--s 00009000 08:06 234927     /media/DATA/_diplomka/svn/trunk/psimulator2/dist/lib/truezip-driver-file-7.5.jar (deleted)
b3869000-b386e000 r--s 00032000 08:06 234926     /media/DATA/_diplomka/svn/trunk/psimulator2/dist/lib/commons-compress-1.3.jar (deleted)
b386e000-b3877000 rw-p 00000000 00:00 0 
b3877000-b392e000 rw-p 00000000 00:00 0 
b392e000-b3b6e000 rwxp 00000000 00:00 0 
b3b6e000-b692e000 rw-p 00000000 00:00 0 
b692e000-b6945000 r-xp 00000000 08:02 334859     /opt/jdk1.7.0_03/jre/lib/i386/libzip.so
b6945000-b6946000 rw-p 00017000 08:02 334859     /opt/jdk1.7.0_03/jre/lib/i386/libzip.so
b6946000-b6950000 r-xp 00000000 08:02 516501     /lib/i386-linux-gnu/libnss_files-2.13.so
b6950000-b6951000 r--p 00009000 08:02 516501     /lib/i386-linux-gnu/libnss_files-2.13.so
b6951000-b6952000 rw-p 0000a000 08:02 516501     /lib/i386-linux-gnu/libnss_files-2.13.so
b6952000-b695b000 r-xp 00000000 08:02 513228     /lib/i386-linux-gnu/libnss_nis-2.13.so
b695b000-b695c000 r--p 00008000 08:02 513228     /lib/i386-linux-gnu/libnss_nis-2.13.so
b695c000-b695d000 rw-p 00009000 08:02 513228     /lib/i386-linux-gnu/libnss_nis-2.13.so
b695d000-b6970000 r-xp 00000000 08:02 516496     /lib/i386-linux-gnu/libnsl-2.13.so
b6970000-b6971000 r--p 00012000 08:02 516496     /lib/i386-linux-gnu/libnsl-2.13.so
b6971000-b6972000 rw-p 00013000 08:02 516496     /lib/i386-linux-gnu/libnsl-2.13.so
b6972000-b6974000 rw-p 00000000 00:00 0 
b6974000-b697a000 r-xp 00000000 08:02 516494     /lib/i386-linux-gnu/libnss_compat-2.13.so
b697a000-b697b000 r--p 00005000 08:02 516494     /lib/i386-linux-gnu/libnss_compat-2.13.so
b697b000-b697c000 rw-p 00006000 08:02 516494     /lib/i386-linux-gnu/libnss_compat-2.13.so
b697c000-b6980000 r--s 0000f000 08:06 234925     /media/DATA/_diplomka/svn/trunk/psimulator2/dist/lib/annotations.jar (deleted)
b6980000-b6988000 r--s 00048000 08:06 234924     /media/DATA/_diplomka/svn/trunk/psimulator2/dist/lib/jnetpcap.jar (deleted)
b6988000-b698a000 r--s 00011000 08:06 234923     /media/DATA/_diplomka/svn/trunk/psimulator2/dist/lib/Shared.jar (deleted)
b698a000-b6993000 r--s 00120000 08:06 234392     /media/DATA/_diplomka/svn/trunk/psimulator2/dist/psimulator2.jar
b6993000-b69b6000 r-xp 00000000 08:02 334850     /opt/jdk1.7.0_03/jre/lib/i386/libjava.so
b69b6000-b69b7000 rw-p 00023000 08:02 334850     /opt/jdk1.7.0_03/jre/lib/i386/libjava.so
b69b7000-b69be000 r-xp 00000000 08:02 516506     /lib/i386-linux-gnu/librt-2.13.so
b69be000-b69bf000 r--p 00006000 08:02 516506     /lib/i386-linux-gnu/librt-2.13.so
b69bf000-b69c0000 rw-p 00007000 08:02 516506     /lib/i386-linux-gnu/librt-2.13.so
b69c0000-b69c3000 ---p 00000000 00:00 0 
b69c3000-b6a10000 rw-p 00000000 00:00 0 
b6a10000-b6a34000 r-xp 00000000 08:02 516495     /lib/i386-linux-gnu/libm-2.13.so
b6a34000-b6a35000 r--p 00023000 08:02 516495     /lib/i386-linux-gnu/libm-2.13.so
b6a35000-b6a36000 rw-p 00024000 08:02 516495     /lib/i386-linux-gnu/libm-2.13.so
b6a36000-b71a4000 r-xp 00000000 08:02 334826     /opt/jdk1.7.0_03/jre/lib/i386/server/libjvm.so
b71a4000-b71f3000 rw-p 0076d000 08:02 334826     /opt/jdk1.7.0_03/jre/lib/i386/server/libjvm.so
b71f3000-b7613000 rw-p 00000000 00:00 0 
b7613000-b7755000 r-xp 00000000 08:02 516500     /lib/i386-linux-gnu/libc-2.13.so
b7755000-b7756000 ---p 00142000 08:02 516500     /lib/i386-linux-gnu/libc-2.13.so
b7756000-b7758000 r--p 00142000 08:02 516500     /lib/i386-linux-gnu/libc-2.13.so
b7758000-b7759000 rw-p 00144000 08:02 516500     /lib/i386-linux-gnu/libc-2.13.so
b7759000-b775c000 rw-p 00000000 00:00 0 
b775c000-b775e000 r-xp 00000000 08:02 516488     /lib/i386-linux-gnu/libdl-2.13.so
b775e000-b775f000 r--p 00001000 08:02 516488     /lib/i386-linux-gnu/libdl-2.13.so
b775f000-b7760000 rw-p 00002000 08:02 516488     /lib/i386-linux-gnu/libdl-2.13.so
b7760000-b7773000 r-xp 00000000 08:02 334840     /opt/jdk1.7.0_03/jre/lib/i386/jli/libjli.so
b7773000-b7774000 rw-p 00012000 08:02 334840     /opt/jdk1.7.0_03/jre/lib/i386/jli/libjli.so
b7774000-b7775000 rw-p 00000000 00:00 0 
b7775000-b778a000 r-xp 00000000 08:02 516485     /lib/i386-linux-gnu/libpthread-2.13.so
b778a000-b778b000 r--p 00014000 08:02 516485     /lib/i386-linux-gnu/libpthread-2.13.so
b778b000-b778c000 rw-p 00015000 08:02 516485     /lib/i386-linux-gnu/libpthread-2.13.so
b778c000-b778e000 rw-p 00000000 00:00 0 
b778e000-b7796000 rw-s 00000000 00:11 738391     /tmp/hsperfdata_root/21722
b7796000-b7797000 rw-p 00000000 00:00 0 
b7797000-b7798000 r--p 00000000 00:00 0 
b7798000-b77a4000 r-xp 00000000 08:02 334841     /opt/jdk1.7.0_03/jre/lib/i386/libverify.so
b77a4000-b77a5000 rw-p 0000c000 08:02 334841     /opt/jdk1.7.0_03/jre/lib/i386/libverify.so
b77a5000-b77a6000 rw-p 00000000 00:00 0 
b77a6000-b77a7000 r-xp 00000000 00:00 0          [vdso]
b77a7000-b77c2000 r-xp 00000000 08:02 516502     /lib/i386-linux-gnu/ld-2.13.so
b77c2000-b77c3000 r--p 0001b000 08:02 516502     /lib/i386-linux-gnu/ld-2.13.so
b77c3000-b77c4000 rw-p 0001c000 08:02 516502     /lib/i386-linux-gnu/ld-2.13.so
bfa7f000-bfaa0000 rw-p 00000000 00:00 0          [stack]

VM Arguments:
java_command: /media/DATA/_diplomka/svn/trunk/psimulator2/dist/psimulator2.jar src/xml/realna_sit.xml
Launcher Type: SUN_STANDARD

Environment Variables:
PATH=/usr/local/sbin:/usr/local/bin:/usr/sbin:/usr/bin:/sbin:/bin:/home/neiss/skripty
SHELL=/bin/bash
DISPLAY=:0

Signal Handlers:
SIGSEGV: [libjvm.so+0x6e2860], sa_mask[0]=0x7ffbfeff, sa_flags=0x10000004
SIGBUS: [libjvm.so+0x6e2860], sa_mask[0]=0x7ffbfeff, sa_flags=0x10000004
SIGFPE: [libjvm.so+0x5a3810], sa_mask[0]=0x7ffbfeff, sa_flags=0x10000004
SIGPIPE: [libjvm.so+0x5a3810], sa_mask[0]=0x7ffbfeff, sa_flags=0x10000004
SIGXFSZ: [libjvm.so+0x5a3810], sa_mask[0]=0x7ffbfeff, sa_flags=0x10000004
SIGILL: [libjvm.so+0x5a3810], sa_mask[0]=0x7ffbfeff, sa_flags=0x10000004
SIGUSR1: SIG_DFL, sa_mask[0]=0x00000000, sa_flags=0x00000000
SIGUSR2: [libjvm.so+0x5a3110], sa_mask[0]=0x00000000, sa_flags=0x10000004
SIGHUP: [libjvm.so+0x5a56e0], sa_mask[0]=0x7ffbfeff, sa_flags=0x10000004
SIGINT: [libjvm.so+0x5a56e0], sa_mask[0]=0x7ffbfeff, sa_flags=0x10000004
SIGTERM: [libjvm.so+0x5a56e0], sa_mask[0]=0x7ffbfeff, sa_flags=0x10000004
SIGQUIT: [libjvm.so+0x5a56e0], sa_mask[0]=0x7ffbfeff, sa_flags=0x10000004


---------------  S Y S T E M  ---------------

OS:wheezy/sid

uname:Linux 3.2.0-2-686-pae #1 SMP Mon Apr 30 05:59:35 UTC 2012 i686
libc:glibc 2.13 NPTL 2.13 
rlimit: STACK 8192k, CORE 0k, NPROC 16084, NOFILE 4096, AS infinity
load average:0,59 0,71 0,56

/proc/meminfo:
MemTotal:        2068932 kB
MemFree:          190508 kB
Buffers:           87672 kB
Cached:           232584 kB
SwapCached:        51912 kB
Active:          1156488 kB
Inactive:         640228 kB
Active(anon):     980564 kB
Inactive(anon):   524088 kB
Active(file):     175924 kB
Inactive(file):   116140 kB
Unevictable:           8 kB
Mlocked:               8 kB
HighTotal:       1180320 kB
HighFree:          26508 kB
LowTotal:         888612 kB
LowFree:          164000 kB
SwapTotal:       3071996 kB
SwapFree:        2541060 kB
Dirty:              3160 kB
Writeback:             0 kB
AnonPages:       1455244 kB
Mapped:           113288 kB
Shmem:             28168 kB
Slab:              47328 kB
SReclaimable:      19920 kB
SUnreclaim:        27408 kB
KernelStack:        3760 kB
PageTables:        14708 kB
NFS_Unstable:          0 kB
Bounce:                0 kB
WritebackTmp:          0 kB
CommitLimit:     4106460 kB
Committed_AS:    3778600 kB
VmallocTotal:     122880 kB
VmallocUsed:        5460 kB
VmallocChunk:     110784 kB
HardwareCorrupted:     0 kB
AnonHugePages:         0 kB
HugePages_Total:       0
HugePages_Free:        0
HugePages_Rsvd:        0
HugePages_Surp:        0
Hugepagesize:       2048 kB
DirectMap4k:       18424 kB
DirectMap2M:      892928 kB


CPU:total 2 (2 cores per cpu, 1 threads per core) family 6 model 15 stepping 13, cmov, cx8, fxsr, mmx, sse, sse2, sse3, ssse3

/proc/cpuinfo:
processor	: 0
vendor_id	: GenuineIntel
cpu family	: 6
model		: 15
model name	: Intel(R) Core(TM)2 Duo CPU     T5870  @ 2.00GHz
stepping	: 13
microcode	: 0xa4
cpu MHz		: 1994.848
cache size	: 2048 KB
physical id	: 0
siblings	: 2
core id		: 0
cpu cores	: 2
apicid		: 0
initial apicid	: 0
fdiv_bug	: no
hlt_bug		: no
f00f_bug	: no
coma_bug	: no
fpu		: yes
fpu_exception	: yes
cpuid level	: 10
wp		: yes
flags		: fpu vme de pse tsc msr pae mce cx8 apic sep mtrr pge mca cmov pat pse36 clflush dts acpi mmx fxsr sse sse2 ss ht tm pbe nx lm constant_tsc arch_perfmon pebs bts aperfmperf pni dtes64 monitor ds_cpl est tm2 ssse3 cx16 xtpr pdcm lahf_lm ida dts
bogomips	: 3989.69
clflush size	: 64
cache_alignment	: 64
address sizes	: 36 bits physical, 48 bits virtual
power management:

processor	: 1
vendor_id	: GenuineIntel
cpu family	: 6
model		: 15
model name	: Intel(R) Core(TM)2 Duo CPU     T5870  @ 2.00GHz
stepping	: 13
microcode	: 0xa4
cpu MHz		: 1994.848
cache size	: 2048 KB
physical id	: 0
siblings	: 2
core id		: 1
cpu cores	: 2
apicid		: 1
initial apicid	: 1
fdiv_bug	: no
hlt_bug		: no
f00f_bug	: no
coma_bug	: no
fpu		: yes
fpu_exception	: yes
cpuid level	: 10
wp		: yes
flags		: fpu vme de pse tsc msr pae mce cx8 apic sep mtrr pge mca cmov pat pse36 clflush dts acpi mmx fxsr sse sse2 ss ht tm pbe nx lm constant_tsc arch_perfmon pebs bts aperfmperf pni dtes64 monitor ds_cpl est tm2 ssse3 cx16 xtpr pdcm lahf_lm ida dts
bogomips	: 3989.97
clflush size	: 64
cache_alignment	: 64
address sizes	: 36 bits physical, 48 bits virtual
power management:



Memory: 4k page, physical 2068932k(190508k free), swap 3071996k(2541060k free)

vm_info: Java HotSpot(TM) Server VM (22.1-b02) for linux-x86 JRE (1.7.0_03-b04), built on Jan 20 2012 10:08:12 by "java_re" with gcc 4.3.0 20080428 (Red Hat 4.3.0-8)

time: Wed May 16 22:07:05 2012
elapsed time: 188 seconds

