#
# A fatal error has been detected by the Java Runtime Environment:
#
#  SIGSEGV (0xb) at pc=0x8e9edb88, pid=9354, tid=2388421488
#
# JRE version: 7.0_03-b04
# Java VM: Java HotSpot(TM) Server VM (22.1-b02 mixed mode linux-x86 )
# Problematic frame:
# C  [libpcap.so.0.8+0x7b88]  setsockopt+0x7b88
#
# Failed to write core dump. Core dumps have been disabled. To enable core dumping, try "ulimit -c unlimited" before starting Java again
#
# If you would like to submit a bug report, please visit:
#   http://bugreport.sun.com/bugreport/crash.jsp
# The crash happened outside the Java Virtual Machine in native code.
# See problematic frame for where to report the bug.
#

---------------  T H R E A D  ---------------

Current thread (0x8ef12800):  JavaThread "router2: RealSwitchport 1: cather" [_thread_in_native, id=9395, stack(0x8e576000,0x8e5c7000)]

siginfo:si_signo=SIGSEGV: si_errno=0, si_code=1 (SEGV_MAPERR), si_addr=0x8e927000

Registers:
EAX=0x00000001, EBX=0x8ea1dbcc, ECX=0xb7825000, EDX=0xb727d560
ESP=0x8e5c5cd0, EBP=0x00000011, ESI=0x8f3fd610, EDI=0x8e927000
EIP=0x8e9edb88, EFLAGS=0x00010246, CR2=0x8e927000

Top of Stack: (sp=0x8e5c5cd0)
0x8e5c5cd0:   8e5c5d98 8e5c5d14 8e927046 8ff03c68
0x8e5c5ce0:   8ff08c38 00000000 8ff01cc8 8e5c5d30
0x8e5c5cf0:   00000020 00000000 b770164e 00086790
0x8e5c5d00:   00000062 00000062 4f74790d 01036030
0x8e5c5d10:   09374128 4f74790d 00086790 00000062
0x8e5c5d20:   00000062 0000000f 00010001 b39b1307
0x8e5c5d30:   aa1ce958 8f3fd610 8e5c5d78 8ea1dbcc
0x8e5c5d40:   8f3fd610 ffffffff 8e5c5d98 8e9f10d1 

Instructions: (pc=0x8e9edb88)
0x8e9edb68:   ff ff 8b 00 83 f8 04 74 c0 89 04 24 e8 87 b2 ff
0x8e9edb78:   ff 89 44 24 0c 8d 83 e4 8f fe ff eb 3a 8d 76 00
0x8e9edb88:   c7 07 00 00 00 00 e9 ff fe ff ff 90 8d 74 26 00
0x8e9edb98:   8b 17 85 d2 0f 85 b2 fd ff ff 83 c4 6c 89 e8 5b 

Register to memory mapping:

EAX=0x00000001 is an unknown value
EBX=0x8ea1dbcc: <offset 0x37bcc> in /usr/lib/i386-linux-gnu/libpcap.so.0.8 at 0x8e9e6000
ECX=0xb7825000 is an unknown value
EDX=0xb727d560: <offset 0x7c9560> in /opt/jdk1.7.0_03/jre/lib/i386/server/libjvm.so at 0xb6ab4000
ESP=0x8e5c5cd0 is pointing into the stack for thread: 0x8ef12800
EBP=0x00000011 is an unknown value
ESI=0x8f3fd610 is an unknown value
EDI=0x8e927000 is an unknown value


Stack: [0x8e576000,0x8e5c7000],  sp=0x8e5c5cd0,  free space=319k
Native frames: (J=compiled Java code, j=interpreted, Vv=VM code, C=native code)
C  [libpcap.so.0.8+0x7b88]  setsockopt+0x7b88

Java frames: (J=compiled Java code, j=interpreted, Vv=VM code)
j  org.jnetpcap.Pcap.loop(IILorg/jnetpcap/packet/PcapPacketHandler;Ljava/lang/Object;Lorg/jnetpcap/packet/JPacket;Lorg/jnetpcap/packet/JPacket$State;Lorg/jnetpcap/PcapHeader;Lorg/jnetpcap/packet/JScanner;)I+0
j  org.jnetpcap.Pcap.loop(ILorg/jnetpcap/packet/PcapPacketHandler;Ljava/lang/Object;)I+35
j  physicalModule.PacketCatcher.run()V+16
j  java.lang.Thread.run()V+11
v  ~StubRoutines::call_stub

---------------  P R O C E S S  ---------------

Java Threads: ( => current thread )
=>0x8ef12800 JavaThread "router2: RealSwitchport 1: cather" [_thread_in_native, id=9395, stack(0x8e576000,0x8e5c7000)]
  0x8ef14c00 JavaThread "DisposableGC" daemon [_thread_blocked, id=9392, stack(0x8e4d4000,0x8e525000)]
  0x09553400 JavaThread "CommandShell/Parser thread" [_thread_in_native, id=9389, stack(0x8eb34000,0x8eb85000)]
  0x8f3f1000 JavaThread "DestroyJavaVM" [_thread_blocked, id=9355, stack(0xb6a3d000,0xb6a8e000)]
  0x8f3efc00 JavaThread "EventServer" [_thread_in_native, id=9387, stack(0x8eb85000,0x8ebd6000)]
  0x8f3eec00 JavaThread "EventsListener" [_thread_blocked, id=9386, stack(0x8ebd6000,0x8ec27000)]
  0x8f3ed800 JavaThread "PacketTranslator" [_thread_blocked, id=9385, stack(0x8ec27000,0x8ec78000)]
  0x8f3e9c00 JavaThread "Thread-6" [_thread_in_native, id=9384, stack(0x8ec78000,0x8ecc9000)]
  0x8f3e8400 JavaThread "Thread-5" [_thread_in_native, id=9383, stack(0x8ecc9000,0x8ed1a000)]
  0x8f3e5000 JavaThread "Thread-4" [_thread_in_native, id=9382, stack(0x8ed1a000,0x8ed6b000)]
  0x8f3e3800 JavaThread "Thread-3" [_thread_blocked, id=9381, stack(0x8ed6b000,0x8edbc000)]
  0x8f3e1800 JavaThread "Thread-2" [_thread_blocked, id=9380, stack(0x8edbc000,0x8ee0d000)]
  0x8f3e0400 JavaThread "Thread-1" [_thread_blocked, id=9379, stack(0x8ee0d000,0x8ee5e000)]
  0x8f3d9800 JavaThread "Cable: sourceID=0 destinationID=0" [_thread_blocked, id=9378, stack(0x8ee5e000,0x8eeaf000)]
  0x8ef17c00 JavaThread "Cable: sourceID=0 destinationID=0" [_thread_blocked, id=9377, stack(0x8eeaf000,0x8ef00000)]
  0x8ef34000 JavaThread "Cable: sourceID=0 destinationID=0" [_thread_blocked, id=9376, stack(0x8f027000,0x8f078000)]
  0x8ef16800 JavaThread "router2  IPLayer" [_thread_blocked, id=9375, stack(0x8f078000,0x8f0c9000)]
  0x8f3e6000 JavaThread "router2  EthLayer" [_thread_blocked, id=9374, stack(0x8f0c9000,0x8f11a000)]
  0x8f3d8000 JavaThread "router2: PhysicMod" [_thread_blocked, id=9373, stack(0x8f11a000,0x8f16b000)]
  0x8f3d6800 JavaThread "router1  IPLayer" [_thread_blocked, id=9372, stack(0x8f16b000,0x8f1bc000)]
  0x8f3d5800 JavaThread "router1  EthLayer" [_thread_blocked, id=9371, stack(0x8f1bc000,0x8f20d000)]
  0x8f3d4800 JavaThread "router1: PhysicMod" [_thread_blocked, id=9370, stack(0x8f20d000,0x8f25e000)]
  0x8f3cc400 JavaThread "router0  IPLayer" [_thread_blocked, id=9369, stack(0x8f25e000,0x8f2af000)]
  0x8f3c4c00 JavaThread "router0  EthLayer" [_thread_blocked, id=9368, stack(0x8f2af000,0x8f300000)]
  0x8f39bc00 JavaThread "router0: PhysicMod" [_thread_blocked, id=9367, stack(0x8f434000,0x8f485000)]
  0x8f77e800 JavaThread "System alarm" [_thread_blocked, id=9366, stack(0x8f48e000,0x8f4df000)]
  0x8f737c00 JavaThread "Service Thread" daemon [_thread_blocked, id=9364, stack(0x8f5ad000,0x8f5fe000)]
  0x8f735c00 JavaThread "C2 CompilerThread1" daemon [_thread_blocked, id=9363, stack(0x8f5fe000,0x8f67f000)]
  0x8f733c00 JavaThread "C2 CompilerThread0" daemon [_thread_blocked, id=9362, stack(0x8f67f000,0x8f700000)]
  0x8f732000 JavaThread "Signal Dispatcher" daemon [_thread_blocked, id=9361, stack(0x8f804000,0x8f855000)]
  0x093f3400 JavaThread "Finalizer" daemon [_thread_blocked, id=9360, stack(0x8f8ca000,0x8f91b000)]
  0x093f1400 JavaThread "Reference Handler" daemon [_thread_blocked, id=9359, stack(0x8f91b000,0x8f96c000)]

Other Threads:
  0x093ebc00 VMThread [stack: 0x8f96c000,0x8f9ed000] [id=9358]
  0x8f739c00 WatcherThread [stack: 0x8f52c000,0x8f5ad000] [id=9365]

VM state:not at safepoint (normal execution)

VM Mutex/Monitor currently owned by a thread: None

Heap
 PSYoungGen      total 92672K, used 52878K [0xa9040000, 0xb2610000, 0xb38e0000)
  eden space 92544K, 57% used [0xa9040000,0xac3cfa88,0xaeaa0000)
  from space 128K, 62% used [0xb25f0000,0xb2604000,0xb2610000)
  to   space 4224K, 0% used [0xb1dd0000,0xb1dd0000,0xb21f0000)
 PSOldGen        total 21632K, used 7921K [0x93ee0000, 0x95400000, 0xa9040000)
  object space 21632K, 36% used [0x93ee0000,0x9469c5d0,0x95400000)
 PSPermGen       total 16384K, used 6639K [0x8fee0000, 0x90ee0000, 0x93ee0000)
  object space 16384K, 40% used [0x8fee0000,0x9055bfc0,0x90ee0000)

Code Cache  [0xb39ae000, 0xb3bee000, 0xb69ae000)
 total_blobs=573 nmethods=447 adapters=79 free_code_cache=48140Kb largest_free_block=49276032

Dynamic libraries:
08048000-08049000 r-xp 00000000 08:02 334560     /opt/jdk1.7.0_03/bin/java
08049000-0804a000 rw-p 00000000 08:02 334560     /opt/jdk1.7.0_03/bin/java
09341000-09b2b000 rw-p 00000000 00:00 0          [heap]
8d300000-8d3e9000 rw-p 00000000 00:00 0 
8d3e9000-8d400000 ---p 00000000 00:00 0 
8d500000-8d5e9000 rw-p 00000000 00:00 0 
8d5e9000-8d600000 ---p 00000000 00:00 0 
8d700000-8d7ec000 rw-p 00000000 00:00 0 
8d7ec000-8d800000 ---p 00000000 00:00 0 
8d900000-8d9fa000 rw-p 00000000 00:00 0 
8d9fa000-8da00000 ---p 00000000 00:00 0 
8da00000-8dafc000 rw-p 00000000 00:00 0 
8dafc000-8db00000 ---p 00000000 00:00 0 
8db00000-8dbe9000 rw-p 00000000 00:00 0 
8dbe9000-8dc00000 ---p 00000000 00:00 0 
8dd00000-8ddfd000 rw-p 00000000 00:00 0 
8ddfd000-8de00000 ---p 00000000 00:00 0 
8df00000-8dff9000 rw-p 00000000 00:00 0 
8dff9000-8e000000 ---p 00000000 00:00 0 
8e100000-8e1f8000 rw-p 00000000 00:00 0 
8e1f8000-8e200000 ---p 00000000 00:00 0 
8e200000-8e2f8000 rw-p 00000000 00:00 0 
8e2f8000-8e300000 ---p 00000000 00:00 0 
8e300000-8e400000 rw-p 00000000 00:00 0 
8e4d4000-8e4d7000 ---p 00000000 00:00 0 
8e4d7000-8e525000 rw-p 00000000 00:00 0 
8e525000-8e528000 ---p 00000000 00:00 0 
8e528000-8e576000 rw-p 00000000 00:00 0 
8e576000-8e579000 ---p 00000000 00:00 0 
8e579000-8e5c7000 rw-p 00000000 00:00 0 
8e9a7000-8e9c9000 r--p 00000000 08:02 482495     /usr/share/locale/cs/LC_MESSAGES/libc.mo
8e9c9000-8e9e5000 r-xp 00000000 08:02 268800     /lib/i386-linux-gnu/libgcc_s.so.1
8e9e5000-8e9e6000 rw-p 0001b000 08:02 268800     /lib/i386-linux-gnu/libgcc_s.so.1
8e9e6000-8ea1d000 r-xp 00000000 08:02 244519     /usr/lib/i386-linux-gnu/libpcap.so.1.2.1
8ea1d000-8ea1e000 rw-p 00036000 08:02 244519     /usr/lib/i386-linux-gnu/libpcap.so.1.2.1
8ea1e000-8ea1f000 rw-p 00000000 00:00 0 
8ea1f000-8eafb000 r-xp 00000000 08:02 480504     /usr/lib/i386-linux-gnu/libstdc++.so.6.0.16
8eafb000-8eafc000 ---p 000dc000 08:02 480504     /usr/lib/i386-linux-gnu/libstdc++.so.6.0.16
8eafc000-8eb00000 r--p 000dc000 08:02 480504     /usr/lib/i386-linux-gnu/libstdc++.so.6.0.16
8eb00000-8eb01000 rw-p 000e0000 08:02 480504     /usr/lib/i386-linux-gnu/libstdc++.so.6.0.16
8eb01000-8eb08000 rw-p 00000000 00:00 0 
8eb08000-8eb2d000 r-xp 00000000 08:06 2340       /media/DATA/_diplomka/pokusy_apod/realny_propojeni/instalacky_jNetPCap/jnetpcap-1.3.0_ubuntu/libjnetpcap.so
8eb2d000-8eb2e000 r--p 00024000 08:06 2340       /media/DATA/_diplomka/pokusy_apod/realny_propojeni/instalacky_jNetPCap/jnetpcap-1.3.0_ubuntu/libjnetpcap.so
8eb2e000-8eb2f000 rw-p 00025000 08:06 2340       /media/DATA/_diplomka/pokusy_apod/realny_propojeni/instalacky_jNetPCap/jnetpcap-1.3.0_ubuntu/libjnetpcap.so
8eb2f000-8eb34000 rw-p 00000000 00:00 0 
8eb34000-8eb37000 ---p 00000000 00:00 0 
8eb37000-8eb85000 rw-p 00000000 00:00 0 
8eb85000-8eb88000 ---p 00000000 00:00 0 
8eb88000-8ebd6000 rw-p 00000000 00:00 0 
8ebd6000-8ebd9000 ---p 00000000 00:00 0 
8ebd9000-8ec27000 rw-p 00000000 00:00 0 
8ec27000-8ec2a000 ---p 00000000 00:00 0 
8ec2a000-8ec78000 rw-p 00000000 00:00 0 
8ec78000-8ec7b000 ---p 00000000 00:00 0 
8ec7b000-8ecc9000 rw-p 00000000 00:00 0 
8ecc9000-8eccc000 ---p 00000000 00:00 0 
8eccc000-8ed1a000 rw-p 00000000 00:00 0 
8ed1a000-8ed1d000 ---p 00000000 00:00 0 
8ed1d000-8ed6b000 rw-p 00000000 00:00 0 
8ed6b000-8ed6e000 ---p 00000000 00:00 0 
8ed6e000-8edbc000 rw-p 00000000 00:00 0 
8edbc000-8edbf000 ---p 00000000 00:00 0 
8edbf000-8ee0d000 rw-p 00000000 00:00 0 
8ee0d000-8ee10000 ---p 00000000 00:00 0 
8ee10000-8ee5e000 rw-p 00000000 00:00 0 
8ee5e000-8ee61000 ---p 00000000 00:00 0 
8ee61000-8eeaf000 rw-p 00000000 00:00 0 
8eeaf000-8eeb2000 ---p 00000000 00:00 0 
8eeb2000-8ef00000 rw-p 00000000 00:00 0 
8ef00000-8f000000 rw-p 00000000 00:00 0 
8f013000-8f023000 r-xp 00000000 08:02 286120     /lib/i386-linux-gnu/i686/cmov/libresolv-2.13.so
8f023000-8f024000 r--p 00010000 08:02 286120     /lib/i386-linux-gnu/i686/cmov/libresolv-2.13.so
8f024000-8f025000 rw-p 00011000 08:02 286120     /lib/i386-linux-gnu/i686/cmov/libresolv-2.13.so
8f025000-8f027000 rw-p 00000000 00:00 0 
8f027000-8f02a000 ---p 00000000 00:00 0 
8f02a000-8f078000 rw-p 00000000 00:00 0 
8f078000-8f07b000 ---p 00000000 00:00 0 
8f07b000-8f0c9000 rw-p 00000000 00:00 0 
8f0c9000-8f0cc000 ---p 00000000 00:00 0 
8f0cc000-8f11a000 rw-p 00000000 00:00 0 
8f11a000-8f11d000 ---p 00000000 00:00 0 
8f11d000-8f16b000 rw-p 00000000 00:00 0 
8f16b000-8f16e000 ---p 00000000 00:00 0 
8f16e000-8f1bc000 rw-p 00000000 00:00 0 
8f1bc000-8f1bf000 ---p 00000000 00:00 0 
8f1bf000-8f20d000 rw-p 00000000 00:00 0 
8f20d000-8f210000 ---p 00000000 00:00 0 
8f210000-8f25e000 rw-p 00000000 00:00 0 
8f25e000-8f261000 ---p 00000000 00:00 0 
8f261000-8f2af000 rw-p 00000000 00:00 0 
8f2af000-8f2b2000 ---p 00000000 00:00 0 
8f2b2000-8f300000 rw-p 00000000 00:00 0 
8f300000-8f3fe000 rw-p 00000000 00:00 0 
8f3fe000-8f400000 ---p 00000000 00:00 0 
8f405000-8f409000 r-xp 00000000 08:02 286163     /lib/i386-linux-gnu/i686/cmov/libnss_dns-2.13.so
8f409000-8f40a000 r--p 00004000 08:02 286163     /lib/i386-linux-gnu/i686/cmov/libnss_dns-2.13.so
8f40a000-8f40b000 rw-p 00005000 08:02 286163     /lib/i386-linux-gnu/i686/cmov/libnss_dns-2.13.so
8f418000-8f41f000 r--s 00000000 08:02 486735     /usr/lib/i386-linux-gnu/gconv/gconv-modules.cache
8f41f000-8f433000 r-xp 00000000 08:02 334863     /opt/jdk1.7.0_03/jre/lib/i386/libnet.so
8f433000-8f434000 rw-p 00014000 08:02 334863     /opt/jdk1.7.0_03/jre/lib/i386/libnet.so
8f434000-8f437000 ---p 00000000 00:00 0 
8f437000-8f485000 rw-p 00000000 00:00 0 
8f485000-8f48e000 r--s 00254000 08:02 334716     /opt/jdk1.7.0_03/jre/lib/resources.jar
8f48e000-8f491000 ---p 00000000 00:00 0 
8f491000-8f4df000 rw-p 00000000 00:00 0 
8f4df000-8f52c000 r--s 00313000 08:06 12268      /media/DATA/_diplomka/svn/trunk/psimulator2/dist/lib/truezip-samples-7.4.3-jar-with-dependencies.jar
8f52c000-8f52d000 ---p 00000000 00:00 0 
8f52d000-8f5ad000 rw-p 00000000 00:00 0 
8f5ad000-8f5b0000 ---p 00000000 00:00 0 
8f5b0000-8f5fe000 rw-p 00000000 00:00 0 
8f5fe000-8f601000 ---p 00000000 00:00 0 
8f601000-8f67f000 rw-p 00000000 00:00 0 
8f67f000-8f682000 ---p 00000000 00:00 0 
8f682000-8f700000 rw-p 00000000 00:00 0 
8f700000-8f7f9000 rw-p 00000000 00:00 0 
8f7f9000-8f800000 ---p 00000000 00:00 0 
8f804000-8f807000 ---p 00000000 00:00 0 
8f807000-8f855000 rw-p 00000000 00:00 0 
8f855000-8f8ca000 r--p 00000000 08:02 484777     /usr/lib/locale/locale-archive
8f8ca000-8f8cd000 ---p 00000000 00:00 0 
8f8cd000-8f91b000 rw-p 00000000 00:00 0 
8f91b000-8f91e000 ---p 00000000 00:00 0 
8f91e000-8f96c000 rw-p 00000000 00:00 0 
8f96c000-8f96d000 ---p 00000000 00:00 0 
8f96d000-8fa38000 rw-p 00000000 00:00 0 
8fa38000-8fbf7000 r--s 03a09000 08:02 334715     /opt/jdk1.7.0_03/jre/lib/rt.jar
8fbf7000-8fbf8000 ---p 00000000 00:00 0 
8fbf8000-8fc78000 rw-p 00000000 00:00 0 
8fc78000-8fc79000 ---p 00000000 00:00 0 
8fc79000-8fd01000 rw-p 00000000 00:00 0 
8fd01000-8fd19000 rw-p 00000000 00:00 0 
8fd19000-8fd24000 rw-p 00000000 00:00 0 
8fd24000-8fdc2000 rw-p 00000000 00:00 0 
8fdc2000-8fdca000 rw-p 00000000 00:00 0 
8fdca000-8fde2000 rw-p 00000000 00:00 0 
8fde2000-8fded000 rw-p 00000000 00:00 0 
8fded000-8fe8a000 rw-p 00000000 00:00 0 
8fe8a000-8fed6000 rw-p 00000000 00:00 0 
8fed6000-8fedf000 ---p 00000000 00:00 0 
8fedf000-90ee0000 rw-p 00000000 00:00 0 
90ee0000-93ee0000 rw-p 00000000 00:00 0 
93ee0000-95400000 rw-p 00000000 00:00 0 
95400000-a9040000 rw-p 00000000 00:00 0 
a9040000-b2610000 rw-p 00000000 00:00 0 
b2610000-b38d0000 ---p 00000000 00:00 0 
b38d0000-b38e0000 rw-p 00000000 00:00 0 
b38e6000-b38ee000 r--s 00048000 08:06 12266      /media/DATA/_diplomka/svn/trunk/psimulator2/dist/lib/jnetpcap.jar
b38ee000-b38f7000 rw-p 00000000 00:00 0 
b38f7000-b39ae000 rw-p 00000000 00:00 0 
b39ae000-b3bee000 rwxp 00000000 00:00 0 
b3bee000-b69ae000 rw-p 00000000 00:00 0 
b69ae000-b69c5000 r-xp 00000000 08:02 334859     /opt/jdk1.7.0_03/jre/lib/i386/libzip.so
b69c5000-b69c6000 rw-p 00017000 08:02 334859     /opt/jdk1.7.0_03/jre/lib/i386/libzip.so
b69c6000-b69d0000 r-xp 00000000 08:02 286139     /lib/i386-linux-gnu/i686/cmov/libnss_files-2.13.so
b69d0000-b69d1000 r--p 00009000 08:02 286139     /lib/i386-linux-gnu/i686/cmov/libnss_files-2.13.so
b69d1000-b69d2000 rw-p 0000a000 08:02 286139     /lib/i386-linux-gnu/i686/cmov/libnss_files-2.13.so
b69d2000-b69db000 r-xp 00000000 08:02 286100     /lib/i386-linux-gnu/i686/cmov/libnss_nis-2.13.so
b69db000-b69dc000 r--p 00008000 08:02 286100     /lib/i386-linux-gnu/i686/cmov/libnss_nis-2.13.so
b69dc000-b69dd000 rw-p 00009000 08:02 286100     /lib/i386-linux-gnu/i686/cmov/libnss_nis-2.13.so
b69dd000-b69f0000 r-xp 00000000 08:02 286129     /lib/i386-linux-gnu/i686/cmov/libnsl-2.13.so
b69f0000-b69f1000 r--p 00012000 08:02 286129     /lib/i386-linux-gnu/i686/cmov/libnsl-2.13.so
b69f1000-b69f2000 rw-p 00013000 08:02 286129     /lib/i386-linux-gnu/i686/cmov/libnsl-2.13.so
b69f2000-b69f4000 rw-p 00000000 00:00 0 
b69f4000-b69fa000 r-xp 00000000 08:02 286121     /lib/i386-linux-gnu/i686/cmov/libnss_compat-2.13.so
b69fa000-b69fb000 r--p 00005000 08:02 286121     /lib/i386-linux-gnu/i686/cmov/libnss_compat-2.13.so
b69fb000-b69fc000 rw-p 00006000 08:02 286121     /lib/i386-linux-gnu/i686/cmov/libnss_compat-2.13.so
b69fe000-b6a00000 r-xp 00000000 08:02 271415     /lib/libnss_mdns4.so.2
b6a00000-b6a01000 rw-p 00001000 08:02 271415     /lib/libnss_mdns4.so.2
b6a01000-b6a08000 r--s 000d5000 08:06 4354       /media/DATA/_diplomka/svn/trunk/psimulator2/dist/psimulator2.jar
b6a08000-b6a10000 rw-s 00000000 00:11 127922     /tmp/hsperfdata_root/9354
b6a10000-b6a33000 r-xp 00000000 08:02 334850     /opt/jdk1.7.0_03/jre/lib/i386/libjava.so
b6a33000-b6a34000 rw-p 00023000 08:02 334850     /opt/jdk1.7.0_03/jre/lib/i386/libjava.so
b6a34000-b6a3b000 r-xp 00000000 08:02 286167     /lib/i386-linux-gnu/i686/cmov/librt-2.13.so
b6a3b000-b6a3c000 r--p 00006000 08:02 286167     /lib/i386-linux-gnu/i686/cmov/librt-2.13.so
b6a3c000-b6a3d000 rw-p 00007000 08:02 286167     /lib/i386-linux-gnu/i686/cmov/librt-2.13.so
b6a3d000-b6a40000 ---p 00000000 00:00 0 
b6a40000-b6a8e000 rw-p 00000000 00:00 0 
b6a8e000-b6ab2000 r-xp 00000000 08:02 286127     /lib/i386-linux-gnu/i686/cmov/libm-2.13.so
b6ab2000-b6ab3000 r--p 00023000 08:02 286127     /lib/i386-linux-gnu/i686/cmov/libm-2.13.so
b6ab3000-b6ab4000 rw-p 00024000 08:02 286127     /lib/i386-linux-gnu/i686/cmov/libm-2.13.so
b6ab4000-b7222000 r-xp 00000000 08:02 334826     /opt/jdk1.7.0_03/jre/lib/i386/server/libjvm.so
b7222000-b7271000 rw-p 0076d000 08:02 334826     /opt/jdk1.7.0_03/jre/lib/i386/server/libjvm.so
b7271000-b7691000 rw-p 00000000 00:00 0 
b7691000-b77e7000 r-xp 00000000 08:02 286137     /lib/i386-linux-gnu/i686/cmov/libc-2.13.so
b77e7000-b77e8000 ---p 00156000 08:02 286137     /lib/i386-linux-gnu/i686/cmov/libc-2.13.so
b77e8000-b77ea000 r--p 00156000 08:02 286137     /lib/i386-linux-gnu/i686/cmov/libc-2.13.so
b77ea000-b77eb000 rw-p 00158000 08:02 286137     /lib/i386-linux-gnu/i686/cmov/libc-2.13.so
b77eb000-b77ee000 rw-p 00000000 00:00 0 
b77ee000-b77f0000 r-xp 00000000 08:02 286110     /lib/i386-linux-gnu/i686/cmov/libdl-2.13.so
b77f0000-b77f1000 r--p 00001000 08:02 286110     /lib/i386-linux-gnu/i686/cmov/libdl-2.13.so
b77f1000-b77f2000 rw-p 00002000 08:02 286110     /lib/i386-linux-gnu/i686/cmov/libdl-2.13.so
b77f2000-b77f3000 rw-p 00000000 00:00 0 
b77f3000-b7806000 r-xp 00000000 08:02 334840     /opt/jdk1.7.0_03/jre/lib/i386/jli/libjli.so
b7806000-b7807000 rw-p 00012000 08:02 334840     /opt/jdk1.7.0_03/jre/lib/i386/jli/libjli.so
b7807000-b781c000 r-xp 00000000 08:02 286103     /lib/i386-linux-gnu/i686/cmov/libpthread-2.13.so
b781c000-b781d000 r--p 00014000 08:02 286103     /lib/i386-linux-gnu/i686/cmov/libpthread-2.13.so
b781d000-b781e000 rw-p 00015000 08:02 286103     /lib/i386-linux-gnu/i686/cmov/libpthread-2.13.so
b781e000-b7820000 rw-p 00000000 00:00 0 
b7820000-b7822000 r-xp 00000000 08:02 271426     /lib/libnss_mdns4_minimal.so.2
b7822000-b7823000 rw-p 00001000 08:02 271426     /lib/libnss_mdns4_minimal.so.2
b7823000-b7825000 r--s 00010000 08:06 12270      /media/DATA/_diplomka/svn/trunk/psimulator2/dist/lib/Shared.jar
b7825000-b7826000 rw-p 00000000 00:00 0 
b7826000-b7827000 r--p 00000000 00:00 0 
b7827000-b7833000 r-xp 00000000 08:02 334841     /opt/jdk1.7.0_03/jre/lib/i386/libverify.so
b7833000-b7834000 rw-p 0000c000 08:02 334841     /opt/jdk1.7.0_03/jre/lib/i386/libverify.so
b7834000-b7836000 rw-p 00000000 00:00 0 
b7836000-b7837000 r-xp 00000000 00:00 0          [vdso]
b7837000-b7852000 r-xp 00000000 08:02 269127     /lib/i386-linux-gnu/ld-2.13.so
b7852000-b7853000 r--p 0001b000 08:02 269127     /lib/i386-linux-gnu/ld-2.13.so
b7853000-b7854000 rw-p 0001c000 08:02 269127     /lib/i386-linux-gnu/ld-2.13.so
bfc05000-bfc26000 rw-p 00000000 00:00 0          [stack]

VM Arguments:
java_command: /media/DATA/_diplomka/svn/trunk/psimulator2/dist/psimulator2.jar src/xml/realna_sit.xml
Launcher Type: SUN_STANDARD

Environment Variables:
PATH=/usr/local/sbin:/usr/local/bin:/usr/sbin:/usr/bin:/sbin:/bin:/home/neiss/skripty
SHELL=/bin/bash
DISPLAY=:0

Signal Handlers:
SIGSEGV: [libjvm.so+0x6e2860], sa_mask[0]=0x7ffbfeff, sa_flags=0x10000004
SIGBUS: [libjvm.so+0x6e2860], sa_mask[0]=0x7ffbfeff, sa_flags=0x10000004
SIGFPE: [libjvm.so+0x5a3810], sa_mask[0]=0x7ffbfeff, sa_flags=0x10000004
SIGPIPE: [libjvm.so+0x5a3810], sa_mask[0]=0x7ffbfeff, sa_flags=0x10000004
SIGXFSZ: [libjvm.so+0x5a3810], sa_mask[0]=0x7ffbfeff, sa_flags=0x10000004
SIGILL: [libjvm.so+0x5a3810], sa_mask[0]=0x7ffbfeff, sa_flags=0x10000004
SIGUSR1: SIG_DFL, sa_mask[0]=0x00000000, sa_flags=0x00000000
SIGUSR2: [libjvm.so+0x5a3110], sa_mask[0]=0x00000000, sa_flags=0x10000004
SIGHUP: [libjvm.so+0x5a56e0], sa_mask[0]=0x7ffbfeff, sa_flags=0x10000004
SIGINT: [libjvm.so+0x5a56e0], sa_mask[0]=0x7ffbfeff, sa_flags=0x10000004
SIGTERM: [libjvm.so+0x5a56e0], sa_mask[0]=0x7ffbfeff, sa_flags=0x10000004
SIGQUIT: [libjvm.so+0x5a56e0], sa_mask[0]=0x7ffbfeff, sa_flags=0x10000004


---------------  S Y S T E M  ---------------

OS:wheezy/sid

uname:Linux 3.1.0-1-686-pae #1 SMP Tue Jan 10 05:42:54 UTC 2012 i686
libc:glibc 2.13 NPTL 2.13 
rlimit: STACK 8192k, CORE 0k, NPROC 16084, NOFILE 4096, AS infinity
load average:0,18 0,26 0,26

/proc/meminfo:
MemTotal:        2068788 kB
MemFree:          152032 kB
Buffers:          314608 kB
Cached:           305200 kB
SwapCached:        13032 kB
Active:          1128060 kB
Inactive:         696036 kB
Active(anon):     823916 kB
Inactive(anon):   391504 kB
Active(file):     304144 kB
Inactive(file):   304532 kB
Unevictable:           0 kB
Mlocked:               0 kB
HighTotal:       1180320 kB
HighFree:          26572 kB
LowTotal:         888468 kB
LowFree:          125460 kB
SwapTotal:       3071996 kB
SwapFree:        2969652 kB
Dirty:               128 kB
Writeback:             0 kB
AnonPages:       1198892 kB
Mapped:            87656 kB
Shmem:             11052 kB
Slab:              63308 kB
SReclaimable:      46324 kB
SUnreclaim:        16984 kB
KernelStack:        3120 kB
PageTables:        10972 kB
NFS_Unstable:          0 kB
Bounce:                0 kB
WritebackTmp:          0 kB
CommitLimit:     4106388 kB
Committed_AS:    2697548 kB
VmallocTotal:     122880 kB
VmallocUsed:        5176 kB
VmallocChunk:      84404 kB
HardwareCorrupted:     0 kB
AnonHugePages:         0 kB
HugePages_Total:       0
HugePages_Free:        0
HugePages_Rsvd:        0
HugePages_Surp:        0
Hugepagesize:       2048 kB
DirectMap4k:       22520 kB
DirectMap2M:      888832 kB


CPU:total 2 (2 cores per cpu, 1 threads per core) family 6 model 15 stepping 13, cmov, cx8, fxsr, mmx, sse, sse2, sse3, ssse3

/proc/cpuinfo:
processor	: 0
vendor_id	: GenuineIntel
cpu family	: 6
model		: 15
model name	: Intel(R) Core(TM)2 Duo CPU     T5870  @ 2.00GHz
stepping	: 13
cpu MHz		: 1994.938
cache size	: 2048 KB
physical id	: 0
siblings	: 2
core id		: 0
cpu cores	: 2
apicid		: 0
initial apicid	: 0
fdiv_bug	: no
hlt_bug		: no
f00f_bug	: no
coma_bug	: no
fpu		: yes
fpu_exception	: yes
cpuid level	: 10
wp		: yes
flags		: fpu vme de pse tsc msr pae mce cx8 apic sep mtrr pge mca cmov pat pse36 clflush dts acpi mmx fxsr sse sse2 ss ht tm pbe nx lm constant_tsc arch_perfmon pebs bts aperfmperf pni dtes64 monitor ds_cpl est tm2 ssse3 cx16 xtpr pdcm lahf_lm ida dts
bogomips	: 3989.87
clflush size	: 64
cache_alignment	: 64
address sizes	: 36 bits physical, 48 bits virtual
power management:

processor	: 1
vendor_id	: GenuineIntel
cpu family	: 6
model		: 15
model name	: Intel(R) Core(TM)2 Duo CPU     T5870  @ 2.00GHz
stepping	: 13
cpu MHz		: 1994.938
cache size	: 2048 KB
physical id	: 0
siblings	: 2
core id		: 1
cpu cores	: 2
apicid		: 1
initial apicid	: 1
fdiv_bug	: no
hlt_bug		: no
f00f_bug	: no
coma_bug	: no
fpu		: yes
fpu_exception	: yes
cpuid level	: 10
wp		: yes
flags		: fpu vme de pse tsc msr pae mce cx8 apic sep mtrr pge mca cmov pat pse36 clflush dts acpi mmx fxsr sse sse2 ss ht tm pbe nx lm constant_tsc arch_perfmon pebs bts aperfmperf pni dtes64 monitor ds_cpl est tm2 ssse3 cx16 xtpr pdcm lahf_lm ida dts
bogomips	: 3989.97
clflush size	: 64
cache_alignment	: 64
address sizes	: 36 bits physical, 48 bits virtual
power management:



Memory: 4k page, physical 2068788k(152652k free), swap 3071996k(2969652k free)

vm_info: Java HotSpot(TM) Server VM (22.1-b02) for linux-x86 JRE (1.7.0_03-b04), built on Jan 20 2012 10:08:12 by "java_re" with gcc 4.3.0 20080428 (Red Hat 4.3.0-8)

time: Thu Mar 29 17:00:29 2012
elapsed time: 190 seconds

